#
# There is insufficient memory for the Java Runtime Environment to continue.
# Native memory allocation (malloc) failed to allocate 183536 bytes for Chunk::new
# Possible reasons:
#   The system is out of physical RAM or swap space
#   In 32 bit mode, the process size limit was hit
# Possible solutions:
#   Reduce memory load on the system
#   Increase physical memory or swap space
#   Check if swap backing store is full
#   Use 64 bit Java on a 64 bit OS
#   Decrease Java heap size (-Xmx/-Xms)
#   Decrease number of Java threads
#   Decrease Java thread stack sizes (-Xss)
#   Set larger code cache with -XX:ReservedCodeCacheSize=
# This output file may be truncated or incomplete.
#
#  Out of Memory Error (allocation.cpp:390), pid=2208, tid=0x0000000000000420
#
# JRE version: Java(TM) SE Runtime Environment (8.0_121-b13) (build 1.8.0_121-b13)
# Java VM: Java HotSpot(TM) 64-Bit Server VM (25.121-b13 mixed mode windows-amd64 compressed oops)
# Failed to write core dump. Minidumps are not enabled by default on client versions of Windows
#

---------------  T H R E A D  ---------------

Current thread (0x000000001508d000):  JavaThread "C2 CompilerThread0" daemon [_thread_in_native, id=1056, stack(0x00000000166e0000,0x00000000167e0000)]

Stack: [0x00000000166e0000,0x00000000167e0000]
[error occurred during error reporting (printing stack bounds), id 0xc0000005]

Native frames: (J=compiled Java code, j=interpreted, Vv=VM code, C=native code)


Current CompileTask:
C2:   3634 1108   !   4       com.android.dx.cf.cst.ConstantPoolParser::parse0 (731 bytes)


---------------  P R O C E S S  ---------------

Java Threads: ( => current thread )
  0x0000000016c61800 JavaThread "pool-2-thread-4" [_thread_in_Java, id=3428, stack(0x00000000173e0000,0x00000000174e0000)]
  0x0000000016c60800 JavaThread "pool-2-thread-3" [_thread_in_Java, id=1648, stack(0x00000000172e0000,0x00000000173e0000)]
  0x0000000016c5f800 JavaThread "pool-2-thread-2" [_thread_in_Java, id=4844, stack(0x00000000171e0000,0x00000000172e0000)]
  0x0000000016c48000 JavaThread "pool-3-thread-1" [_thread_blocked, id=3436, stack(0x00000000170e0000,0x00000000171e0000)]
  0x0000000016c3f800 JavaThread "pool-2-thread-1" [_thread_in_Java, id=6096, stack(0x0000000016fe0000,0x00000000170e0000)]
  0x00000000169e5800 JavaThread "Service Thread" daemon [_thread_blocked, id=3256, stack(0x0000000016de0000,0x0000000016ee0000)]
  0x00000000150e9000 JavaThread "C1 CompilerThread2" daemon [_thread_blocked, id=7164, stack(0x00000000168e0000,0x00000000169e0000)]
  0x0000000015090000 JavaThread "C2 CompilerThread1" daemon [_thread_in_native, id=7656, stack(0x00000000167e0000,0x00000000168e0000)]
=>0x000000001508d000 JavaThread "C2 CompilerThread0" daemon [_thread_in_native, id=1056, stack(0x00000000166e0000,0x00000000167e0000)]
  0x000000001508b000 JavaThread "Attach Listener" daemon [_thread_blocked, id=2860, stack(0x00000000165e0000,0x00000000166e0000)]
  0x000000001508a000 JavaThread "Signal Dispatcher" daemon [_thread_blocked, id=7876, stack(0x00000000164e0000,0x00000000165e0000)]
  0x000000000299a000 JavaThread "Finalizer" daemon [_thread_blocked, id=488, stack(0x00000000162f0000,0x00000000163f0000)]
  0x0000000002991000 JavaThread "Reference Handler" daemon [_thread_blocked, id=7048, stack(0x00000000161f0000,0x00000000162f0000)]
  0x000000000277d800 JavaThread "main" [_thread_in_Java, id=5968, stack(0x00000000027a0000,0x00000000028a0000)]

Other Threads:
  0x0000000015057800 VMThread [stack: 0x00000000160f0000,0x00000000161f0000] [id=1296]
  0x00000000169f9000 WatcherThread [stack: 0x0000000016ee0000,0x0000000016fe0000] [id=2920]

VM state:not at safepoint (normal execution)

VM Mutex/Monitor currently owned by a thread: None

Heap:
 PSYoungGen      total 28160K, used 22130K [0x00000000eab00000, 0x00000000eca00000, 0x0000000100000000)
  eden space 24576K, 90% used [0x00000000eab00000,0x00000000ec09cad0,0x00000000ec300000)
  from space 3584K, 0% used [0x00000000ec680000,0x00000000ec680000,0x00000000eca00000)
  to   space 3584K, 0% used [0x00000000ec300000,0x00000000ec300000,0x00000000ec680000)
 ParOldGen       total 64512K, used 0K [0x00000000c0000000, 0x00000000c3f00000, 0x00000000eab00000)
  object space 64512K, 0% used [0x00000000c0000000,0x00000000c0000000,0x00000000c3f00000)
 Metaspace       used 5975K, capacity 6904K, committed 7040K, reserved 1056768K
  class space    used 608K, capacity 624K, committed 640K, reserved 1048576K

Card table byte_map: [0x0000000011d60000,0x0000000011f70000] byte_map_base: 0x0000000011760000

Marking Bits: (ParMarkBitMap*) 0x000000005d81b6d0
 Begin Bits: [0x00000000124d0000, 0x00000000134d0000)
 End Bits:   [0x00000000134d0000, 0x00000000144d0000)

Polling page: 0x0000000002740000

CodeCache: size=245760Kb used=4690Kb max_used=4690Kb free=241069Kb
 bounds [0x00000000029a0000, 0x0000000002e40000, 0x00000000119a0000]
 total_blobs=1405 nmethods=1143 adapters=176
 compilation: enabled

Compilation events (10 events):
Event: 3.571 Thread 0x00000000150e9000 nmethod 1137 0x0000000002e211d0 code [0x0000000002e21380, 0x0000000002e218c8]
Event: 3.571 Thread 0x00000000150e9000 1138       3       com.android.dx.ssa.DomFront::calcDomFronts (154 bytes)
Event: 3.573 Thread 0x00000000150e9000 nmethod 1138 0x0000000002e21ad0 code [0x0000000002e21d60, 0x0000000002e22d08]
Event: 3.574 Thread 0x00000000150e9000 1139       3       com.android.dx.ssa.SsaMethod::makeExitBlock (134 bytes)
Event: 3.577 Thread 0x00000000150e9000 nmethod 1139 0x0000000002e239d0 code [0x0000000002e23c60, 0x0000000002e24c68]
Event: 3.577 Thread 0x00000000150e9000 1140       3       com.android.dx.ssa.SCCP::run (298 bytes)
Event: 3.581 Thread 0x00000000150e9000 nmethod 1140 0x0000000002e25590 code [0x0000000002e25980, 0x0000000002e27a48]
Event: 3.581 Thread 0x00000000150e9000 1141       3       com.android.dx.rop.code.DexTranslationAdvice::hasConstantOperation (163 bytes)
Event: 3.583 Thread 0x00000000150e9000 nmethod 1141 0x0000000002e28710 code [0x0000000002e28960, 0x0000000002e2a1f8]
Event: 3.584 Thread 0x00000000150e9000 1142       3       com.android.dx.ssa.ConstCollector::getConstsSortedByCountUse (386 bytes)

GC Heap History (0 events):
No events

Deoptimization events (2 events):
Event: 1.646 Thread 0x0000000016c61800 Uncommon trap: reason=unstable_if action=reinterpret pc=0x0000000002bc50bc method=java.util.HashMap.getNode(ILjava/lang/Object;)Ljava/util/HashMap$Node; @ 62
Event: 3.339 Thread 0x0000000016c60800 Uncommon trap: reason=bimorphic action=maybe_recompile pc=0x0000000002c00954 method=java.util.HashMap.getNode(ILjava/lang/Object;)Ljava/util/HashMap$Node; @ 126

Internal exceptions (2 events):
Event: 0.105 Thread 0x000000000277d800 Exception <a 'java/lang/NoSuchMethodError': Method sun.misc.Unsafe.defineClass(Ljava/lang/String;[BII)Ljava/lang/Class; name or signature does not match> (0x00000000eab07ca8) thrown at [C:\re\workspace\8-2-build-windows-amd64-cygwin\jdk8u121\8372\hotspot\
Event: 0.105 Thread 0x000000000277d800 Exception <a 'java/lang/NoSuchMethodError': Method sun.misc.Unsafe.prefetchRead(Ljava/lang/Object;J)V name or signature does not match> (0x00000000eab07f90) thrown at [C:\re\workspace\8-2-build-windows-amd64-cygwin\jdk8u121\8372\hotspot\src\share\vm\prims

Events (10 events):
Event: 2.111 loading class com/android/dx/cf/code/BytecodeArray$ConstantParserVisitor done
Event: 2.134 loading class java/util/DualPivotQuicksort
Event: 2.135 loading class java/util/DualPivotQuicksort done
Event: 2.188 loading class java/util/ArrayList$1
Event: 2.188 loading class java/util/ArrayList$1 done
Event: 2.757 Executing VM operation: ForceSafepoint
Event: 2.757 Executing VM operation: ForceSafepoint done
Event: 3.338 Thread 0x0000000016c60800 Uncommon trap: trap_request=0xffffffc6 fr.pc=0x0000000002c00954
Event: 3.339 Thread 0x0000000016c60800 DEOPT PACKING pc=0x0000000002c00954 sp=0x00000000173deb60
Event: 3.339 Thread 0x0000000016c60800 DEOPT UNPACKING pc=0x00000000029e582a sp=0x00000000173dea98 mode 2


Dynamic libraries:
0x00007ff6af640000 - 0x00007ff6af677000 	C:\Program Files\Java\jdk1.8.0_121\bin\java.exe
0x00007ff8e1a40000 - 0x00007ff8e1c11000 	C:\Windows\SYSTEM32\ntdll.dll
0x00007ff8e0a90000 - 0x00007ff8e0b3b000 	C:\Windows\System32\KERNEL32.DLL
0x00007ff8dec20000 - 0x00007ff8dee3d000 	C:\Windows\System32\KERNELBASE.dll
0x00007ff8e0f10000 - 0x00007ff8e0fb2000 	C:\Windows\System32\ADVAPI32.dll
0x00007ff8e0670000 - 0x00007ff8e070e000 	C:\Windows\System32\msvcrt.dll
0x00007ff8e0d10000 - 0x00007ff8e0d69000 	C:\Windows\System32\sechost.dll
0x00007ff8e07d0000 - 0x00007ff8e08f1000 	C:\Windows\System32\RPCRT4.dll
0x00007ff8e0920000 - 0x00007ff8e0a85000 	C:\Windows\System32\USER32.dll
0x00007ff8de710000 - 0x00007ff8de72e000 	C:\Windows\System32\win32u.dll
0x00007ff8e18a0000 - 0x00007ff8e18d4000 	C:\Windows\System32\GDI32.dll
0x00007ff8dee40000 - 0x00007ff8defc2000 	C:\Windows\System32\gdi32full.dll
0x00007ff8cd3c0000 - 0x00007ff8cd639000 	C:\Windows\WinSxS\amd64_microsoft.windows.common-controls_6595b64144ccf1df_6.0.14393.447_none_42191651c6827bb3\COMCTL32.dll
0x00007ff8e15d0000 - 0x00007ff8e1898000 	C:\Windows\System32\combase.dll
0x00007ff8ddf30000 - 0x00007ff8de025000 	C:\Windows\System32\ucrtbase.dll
0x00007ff8de730000 - 0x00007ff8de79a000 	C:\Windows\System32\bcryptPrimitives.dll
0x00007ff8e0730000 - 0x00007ff8e075e000 	C:\Windows\System32\IMM32.DLL
0x000000005c900000 - 0x000000005c9d2000 	C:\Program Files\Java\jdk1.8.0_121\jre\bin\msvcr100.dll
0x000000005d000000 - 0x000000005d89b000 	C:\Program Files\Java\jdk1.8.0_121\jre\bin\server\jvm.dll
0x00007ff8e0910000 - 0x00007ff8e0918000 	C:\Windows\System32\PSAPI.DLL
0x00007ff8dc3f0000 - 0x00007ff8dc3f9000 	C:\Windows\SYSTEM32\WSOCK32.dll
0x00007ff8e0760000 - 0x00007ff8e07ca000 	C:\Windows\System32\WS2_32.dll
0x00007ff8dc360000 - 0x00007ff8dc383000 	C:\Windows\SYSTEM32\WINMM.dll
0x00007ff8d9d60000 - 0x00007ff8d9d6a000 	C:\Windows\SYSTEM32\VERSION.dll
0x00007ff8dc300000 - 0x00007ff8dc32b000 	C:\Windows\SYSTEM32\WINMMBASE.dll
0x00007ff8deac0000 - 0x00007ff8deb02000 	C:\Windows\System32\cfgmgr32.dll
0x000000005cf10000 - 0x000000005cf1f000 	C:\Program Files\Java\jdk1.8.0_121\jre\bin\verify.dll
0x000000005cee0000 - 0x000000005cf09000 	C:\Program Files\Java\jdk1.8.0_121\jre\bin\java.dll
0x000000005cec0000 - 0x000000005ced6000 	C:\Program Files\Java\jdk1.8.0_121\jre\bin\zip.dll
0x00007ff8defd0000 - 0x00007ff8e04d9000 	C:\Windows\System32\SHELL32.dll
0x00007ff8de030000 - 0x00007ff8de70a000 	C:\Windows\System32\windows.storage.dll
0x00007ff8ddec0000 - 0x00007ff8ddf0c000 	C:\Windows\System32\powrprof.dll
0x00007ff8e0600000 - 0x00007ff8e0652000 	C:\Windows\System32\shlwapi.dll
0x00007ff8ddeb0000 - 0x00007ff8ddebf000 	C:\Windows\System32\kernel.appcore.dll
0x00007ff8deb10000 - 0x00007ff8debb9000 	C:\Windows\System32\shcore.dll
0x00007ff8ddf10000 - 0x00007ff8ddf24000 	C:\Windows\System32\profapi.dll

VM Arguments:
jvm_args: -Djava.awt.headless=true -Xmx1024M -Dfile.encoding=windows-1252 -Duser.country=US -Duser.language=en -Duser.variant 
java_command: com.android.dx.command.Main --dex --force-jumbo --num-threads=4 --multi-dex --output F:\Documentos\GitHub\Tiaki\Android\Tikai\app\build\intermediates\transforms\dex\debug\folders\1000\10\com.android.support-support-core-ui-25.2.0_130387c15f99c8906f7f45f3d248bf23d0f5231f F:\Documentos\GitHub\Tiaki\Android\Tikai\app\build\intermediates\exploded-aar\com.android.support\support-core-ui\25.2.0\jars\classes.jar
java_class_path (initial): C:\Android\sdk\build-tools\25.0.2\lib\dx.jar
Launcher Type: SUN_STANDARD

Environment Variables:
PATH=C:\Program Files (x86)\Python36-32\Scripts\;C:\Program Files (x86)\Python36-32\;C:\ProgramData\Oracle\Java\javapath;C:\Windows\system32;C:\Windows;C:\Windows\System32\Wbem;C:\Windows\System32\WindowsPowerShell\v1.0\;C:\Program Files (x86)\Brackets\command;C:\Program Files (x86)\Skype\Phone\;C:\Windows\system32\config\systemprofile\.dnx\bin;C:\Program Files\Microsoft DNX\Dnvm\;C:\Program Files\Microsoft SQL Server\120\Tools\Binn\;C:\Program Files\Microsoft SQL Server\130\Tools\Binn\;C:\Program Files (x86)\Windows Kits\10\Windows Performance Toolkit\;C:\Program Files (x86)\Microsoft SQL Server\130\DTS\Binn\;C:\Program Files\Microsoft SQL Server\130\DTS\Binn\;C:\Program Files\Microsoft SQL Server\Client SDK\ODBC\130\Tools\Binn\;C:\Program Files (x86)\Microsoft SQL Server\130\Tools\Binn\;C:\Program Files (x86)\Microsoft SQL Server\Client SDK\ODBC\130\Tools\Binn\;C:\Program Files (x86)\Microsoft SQL Server\130\Tools\Binn\ManagementStudio\;C:\Users\july1\AppData\Local\Microsoft\WindowsApps;C:\Users\july1\AppData\Local\atom\bin
USERNAME=Julian
OS=Windows_NT
PROCESSOR_IDENTIFIER=Intel64 Family 6 Model 37 Stepping 5, GenuineIntel



---------------  S Y S T E M  ---------------

OS: Windows 10.0 , 64 bit Build 14393 (10.0.14393.0)

CPU:total 4 (2 cores per cpu, 2 threads per core) family 6 model 37 stepping 5, cmov, cx8, fxsr, mmx, sse, sse2, sse3, ssse3, sse4.1, sse4.2, popcnt, ht, tsc, tscinvbit

Memory: 4k page, physical 6085300k(757996k free), swap 6085300k(4468k free)

vm_info: Java HotSpot(TM) 64-Bit Server VM (25.121-b13) for windows-amd64 JRE (1.8.0_121-b13), built on Dec 12 2016 18:21:36 by "java_re" with MS VC++ 10.0 (VS2010)

time: Thu Mar 09 21:11:40 2017
elapsed time: 3 seconds (0d 0h 0m 3s)

