#
# There is insufficient memory for the Java Runtime Environment to continue.
# Native memory allocation (malloc) failed to allocate 205616 bytes for Chunk::new
# Possible reasons:
#   The system is out of physical RAM or swap space
#   In 32 bit mode, the process size limit was hit
# Possible solutions:
#   Reduce memory load on the system
#   Increase physical memory or swap space
#   Check if swap backing store is full
#   Use 64 bit Java on a 64 bit OS
#   Decrease Java heap size (-Xmx/-Xms)
#   Decrease number of Java threads
#   Decrease Java thread stack sizes (-Xss)
#   Set larger code cache with -XX:ReservedCodeCacheSize=
# This output file may be truncated or incomplete.
#
#  Out of Memory Error (allocation.cpp:390), pid=7428, tid=0x0000000000001bcc
#
# JRE version: Java(TM) SE Runtime Environment (8.0_121-b13) (build 1.8.0_121-b13)
# Java VM: Java HotSpot(TM) 64-Bit Server VM (25.121-b13 mixed mode windows-amd64 compressed oops)
# Failed to write core dump. Minidumps are not enabled by default on client versions of Windows
#

---------------  T H R E A D  ---------------

Current thread (0x0000000015656800):  JavaThread "C2 CompilerThread1" daemon [_thread_in_native, id=7116, stack(0x0000000016d40000,0x0000000016e40000)]

Stack: [0x0000000016d40000,0x0000000016e40000]
[error occurred during error reporting (printing stack bounds), id 0xc0000005]

Native frames: (J=compiled Java code, j=interpreted, Vv=VM code, C=native code)


Current CompileTask:
C2:   4113 1190 %     4       com.android.dx.ssa.SsaMethod::deleteInsns @ 42 (239 bytes)


---------------  P R O C E S S  ---------------

Java Threads: ( => current thread )
  0x00000000170d0000 JavaThread "pool-2-thread-4" [_thread_in_Java, id=4320, stack(0x0000000017940000,0x0000000017a40000)]
  0x00000000170cc000 JavaThread "pool-2-thread-3" [_thread_blocked, id=4512, stack(0x0000000017840000,0x0000000017940000)]
  0x0000000017006000 JavaThread "pool-2-thread-2" [_thread_in_vm, id=412, stack(0x0000000017740000,0x0000000017840000)]
  0x0000000017002000 JavaThread "pool-3-thread-1" [_thread_blocked, id=7008, stack(0x0000000017640000,0x0000000017740000)]
  0x0000000016fff000 JavaThread "pool-2-thread-1" [_thread_blocked, id=4444, stack(0x0000000017540000,0x0000000017640000)]
  0x000000001565d800 JavaThread "Service Thread" daemon [_thread_blocked, id=4700, stack(0x0000000017340000,0x0000000017440000)]
  0x000000001565c800 JavaThread "C1 CompilerThread2" daemon [_thread_blocked, id=3344, stack(0x0000000017240000,0x0000000017340000)]
=>0x0000000015656800 JavaThread "C2 CompilerThread1" daemon [_thread_in_native, id=7116, stack(0x0000000016d40000,0x0000000016e40000)]
  0x00000000155fd000 JavaThread "C2 CompilerThread0" daemon [_thread_blocked, id=6524, stack(0x0000000016c40000,0x0000000016d40000)]
  0x00000000155fb000 JavaThread "Attach Listener" daemon [_thread_blocked, id=6580, stack(0x0000000016b40000,0x0000000016c40000)]
  0x00000000155fa000 JavaThread "Signal Dispatcher" daemon [_thread_blocked, id=7340, stack(0x0000000016a40000,0x0000000016b40000)]
  0x0000000002f24800 JavaThread "Finalizer" daemon [_thread_blocked, id=2180, stack(0x0000000016850000,0x0000000016950000)]
  0x0000000002f21000 JavaThread "Reference Handler" daemon [_thread_blocked, id=7516, stack(0x0000000016750000,0x0000000016850000)]
  0x0000000002d2d800 JavaThread "main" [_thread_blocked, id=8080, stack(0x0000000002d30000,0x0000000002e30000)]

Other Threads:
  0x00000000155c7800 VMThread [stack: 0x0000000016650000,0x0000000016750000] [id=2164]
  0x000000001565e800 WatcherThread [stack: 0x0000000017440000,0x0000000017540000] [id=5808]

VM state:at safepoint (normal execution)

VM Mutex/Monitor currently owned by a thread:  ([mutex/lock_event])
[0x0000000002d2c590] Threads_lock - owner thread: 0x00000000155c7800
[0x0000000002d2cb90] Heap_lock - owner thread: 0x00000000170cc000

Heap:
 PSYoungGen      total 28160K, used 24576K [0x00000000eab00000, 0x00000000eca00000, 0x0000000100000000)
  eden space 24576K, 100% used [0x00000000eab00000,0x00000000ec300000,0x00000000ec300000)
  from space 3584K, 0% used [0x00000000ec680000,0x00000000ec680000,0x00000000eca00000)
  to   space 3584K, 4% used [0x00000000ec300000,0x00000000ec328000,0x00000000ec680000)
 ParOldGen       total 64512K, used 0K [0x00000000c0000000, 0x00000000c3f00000, 0x00000000eab00000)
  object space 64512K, 0% used [0x00000000c0000000,0x00000000c0000000,0x00000000c3f00000)
 Metaspace       used 5938K, capacity 6904K, committed 7040K, reserved 1056768K
  class space    used 604K, capacity 624K, committed 640K, reserved 1048576K

Card table byte_map: [0x00000000122f0000,0x0000000012500000] byte_map_base: 0x0000000011cf0000

Marking Bits: (ParMarkBitMap*) 0x000000005d81b6d0
 Begin Bits: [0x0000000012a60000, 0x0000000013a60000)
 End Bits:   [0x0000000013a60000, 0x0000000014a60000)

Polling page: 0x0000000001480000

CodeCache: size=245760Kb used=4721Kb max_used=4721Kb free=241038Kb
 bounds [0x0000000002f30000, 0x00000000033d0000, 0x0000000011f30000]
 total_blobs=1454 nmethods=1191 adapters=176
 compilation: disabled (not enough contiguous free space left)

Compilation events (10 events):
Event: 4.091 Thread 0x000000001565c800 nmethod 1189 0x00000000033cc2d0 code [0x00000000033cc460, 0x00000000033cca18]
Event: 4.091 Thread 0x000000001565c800 1192       3       com.android.dx.ssa.back.FirstFitLocalCombiningAllocator::canMapRegs (60 bytes)
Event: 4.093 Thread 0x00000000155fd000 1194       4       com.android.dx.ssa.SCCP::simulateStmt (481 bytes)
Event: 4.093 Thread 0x000000001565c800 nmethod 1192 0x00000000033ca750 code [0x00000000033ca9c0, 0x00000000033cba08]
Event: 4.093 Thread 0x000000001565c800 1193       3       com.android.dx.dex.code.FixedSizeInsn::<init> (8 bytes)
Event: 4.093 Thread 0x000000001565c800 nmethod 1193 0x00000000033ce510 code [0x00000000033ce680, 0x00000000033ce808]
Event: 4.093 Thread 0x000000001565c800 1191       3       com.android.dx.ssa.back.FirstFitLocalCombiningAllocator::findRopRegForLocal (74 bytes)
Event: 4.094 Thread 0x000000001565c800 nmethod 1191 0x00000000033ce8d0 code [0x00000000033ceaa0, 0x00000000033cf188]
Event: 4.094 Thread 0x000000001565c800 1195       3       com.android.dx.cf.code.BasicBlocker::visitNoArgs (298 bytes)
Event: 4.099 Thread 0x000000001565c800 


GC Heap History (0 events):
No events

Deoptimization events (6 events):
Event: 1.728 Thread 0x0000000002d2d800 Uncommon trap: reason=unstable_if action=reinterpret pc=0x000000000314ff54 method=java.util.HashMap.getNode(ILjava/lang/Object;)Ljava/util/HashMap$Node; @ 129
Event: 2.050 Thread 0x0000000017006000 Uncommon trap: reason=class_check action=maybe_recompile pc=0x00000000031a5330 method=com.android.dx.ssa.NormalSsaInsn.accept(Lcom/android/dx/ssa/SsaInsn$Visitor;)V @ 9
Event: 2.097 Thread 0x0000000002d2d800 Uncommon trap: reason=unstable_if action=reinterpret pc=0x000000000318eb30 method=java.util.BitSet.nextSetBit(I)I @ 87
Event: 2.817 Thread 0x0000000016fff000 Uncommon trap: reason=unstable_if action=reinterpret pc=0x00000000031a4fb4 method=java.util.BitSet.ensureCapacity(I)V @ 6
Event: 3.645 Thread 0x00000000170cc000 Uncommon trap: reason=null_check action=make_not_entrant pc=0x00000000032546a0 method=com.android.dx.ssa.SsaRenamer.getLocalForNewReg(I)Lcom/android/dx/rop/code/LocalItem; @ 19
Event: 4.104 Thread 0x00000000170cc000 Uncommon trap: reason=unstable_if action=reinterpret pc=0x00000000032bc11c method=com.android.dx.rop.cst.Constant.compareTo(Lcom/android/dx/rop/cst/Constant;)I @ 12

Internal exceptions (3 events):
Event: 0.115 Thread 0x0000000002d2d800 Exception <a 'java/lang/NoSuchMethodError': Method sun.misc.Unsafe.defineClass(Ljava/lang/String;[BII)Ljava/lang/Class; name or signature does not match> (0x00000000eab07ca8) thrown at [C:\re\workspace\8-2-build-windows-amd64-cygwin\jdk8u121\8372\hotspot\
Event: 0.115 Thread 0x0000000002d2d800 Exception <a 'java/lang/NoSuchMethodError': Method sun.misc.Unsafe.prefetchRead(Ljava/lang/Object;J)V name or signature does not match> (0x00000000eab07f90) thrown at [C:\re\workspace\8-2-build-windows-amd64-cygwin\jdk8u121\8372\hotspot\src\share\vm\prims
Event: 3.645 Thread 0x00000000170cc000 Implicit null exception at 0x00000000032523e7 to 0x000000000325465d

Events (10 events):
Event: 3.645 Thread 0x00000000170cc000 Uncommon trap: trap_request=0xfffffff4 fr.pc=0x00000000032546a0
Event: 3.645 Thread 0x00000000170cc000 DEOPT PACKING pc=0x00000000032546a0 sp=0x000000001793e890
Event: 3.645 Thread 0x00000000170cc000 DEOPT UNPACKING pc=0x0000000002f7582a sp=0x000000001793e6e8 mode 2
Event: 3.745 loading class com/android/dx/cf/attrib/AttEnclosingMethod
Event: 3.745 loading class com/android/dx/cf/attrib/AttEnclosingMethod done
Event: 3.757 loading class java/util/DualPivotQuicksort
Event: 3.758 loading class java/util/DualPivotQuicksort done
Event: 4.104 Thread 0x00000000170cc000 Uncommon trap: trap_request=0xffffff65 fr.pc=0x00000000032bc11c
Event: 4.104 Thread 0x00000000170cc000 DEOPT PACKING pc=0x00000000032bc11c sp=0x000000001793e5d0
Event: 4.104 Thread 0x00000000170cc000 DEOPT UNPACKING pc=0x0000000002f7582a sp=0x000000001793e570 mode 2


Dynamic libraries:
0x00007ff6af640000 - 0x00007ff6af677000 	C:\Program Files\Java\jdk1.8.0_121\bin\java.exe
0x00007ff8e1a40000 - 0x00007ff8e1c11000 	C:\Windows\SYSTEM32\ntdll.dll
0x00007ff8e0a90000 - 0x00007ff8e0b3b000 	C:\Windows\System32\KERNEL32.DLL
0x00007ff8dec20000 - 0x00007ff8dee3d000 	C:\Windows\System32\KERNELBASE.dll
0x00007ff8e0f10000 - 0x00007ff8e0fb2000 	C:\Windows\System32\ADVAPI32.dll
0x00007ff8e0670000 - 0x00007ff8e070e000 	C:\Windows\System32\msvcrt.dll
0x00007ff8e0d10000 - 0x00007ff8e0d69000 	C:\Windows\System32\sechost.dll
0x00007ff8e07d0000 - 0x00007ff8e08f1000 	C:\Windows\System32\RPCRT4.dll
0x00007ff8e0920000 - 0x00007ff8e0a85000 	C:\Windows\System32\USER32.dll
0x00007ff8de710000 - 0x00007ff8de72e000 	C:\Windows\System32\win32u.dll
0x00007ff8e18a0000 - 0x00007ff8e18d4000 	C:\Windows\System32\GDI32.dll
0x00007ff8dee40000 - 0x00007ff8defc2000 	C:\Windows\System32\gdi32full.dll
0x00007ff8cd3c0000 - 0x00007ff8cd639000 	C:\Windows\WinSxS\amd64_microsoft.windows.common-controls_6595b64144ccf1df_6.0.14393.447_none_42191651c6827bb3\COMCTL32.dll
0x00007ff8e15d0000 - 0x00007ff8e1898000 	C:\Windows\System32\combase.dll
0x00007ff8ddf30000 - 0x00007ff8de025000 	C:\Windows\System32\ucrtbase.dll
0x00007ff8de730000 - 0x00007ff8de79a000 	C:\Windows\System32\bcryptPrimitives.dll
0x00007ff8e0730000 - 0x00007ff8e075e000 	C:\Windows\System32\IMM32.DLL
0x000000005c900000 - 0x000000005c9d2000 	C:\Program Files\Java\jdk1.8.0_121\jre\bin\msvcr100.dll
0x000000005d000000 - 0x000000005d89b000 	C:\Program Files\Java\jdk1.8.0_121\jre\bin\server\jvm.dll
0x00007ff8e0910000 - 0x00007ff8e0918000 	C:\Windows\System32\PSAPI.DLL
0x00007ff8dc3f0000 - 0x00007ff8dc3f9000 	C:\Windows\SYSTEM32\WSOCK32.dll
0x00007ff8e0760000 - 0x00007ff8e07ca000 	C:\Windows\System32\WS2_32.dll
0x00007ff8dc360000 - 0x00007ff8dc383000 	C:\Windows\SYSTEM32\WINMM.dll
0x00007ff8d9d60000 - 0x00007ff8d9d6a000 	C:\Windows\SYSTEM32\VERSION.dll
0x00007ff8dc300000 - 0x00007ff8dc32b000 	C:\Windows\SYSTEM32\WINMMBASE.dll
0x00007ff8deac0000 - 0x00007ff8deb02000 	C:\Windows\System32\cfgmgr32.dll
0x000000005cf10000 - 0x000000005cf1f000 	C:\Program Files\Java\jdk1.8.0_121\jre\bin\verify.dll
0x000000005cee0000 - 0x000000005cf09000 	C:\Program Files\Java\jdk1.8.0_121\jre\bin\java.dll
0x000000005cec0000 - 0x000000005ced6000 	C:\Program Files\Java\jdk1.8.0_121\jre\bin\zip.dll
0x00007ff8defd0000 - 0x00007ff8e04d9000 	C:\Windows\System32\SHELL32.dll
0x00007ff8de030000 - 0x00007ff8de70a000 	C:\Windows\System32\windows.storage.dll
0x00007ff8ddec0000 - 0x00007ff8ddf0c000 	C:\Windows\System32\powrprof.dll
0x00007ff8e0600000 - 0x00007ff8e0652000 	C:\Windows\System32\shlwapi.dll
0x00007ff8ddeb0000 - 0x00007ff8ddebf000 	C:\Windows\System32\kernel.appcore.dll
0x00007ff8deb10000 - 0x00007ff8debb9000 	C:\Windows\System32\shcore.dll
0x00007ff8ddf10000 - 0x00007ff8ddf24000 	C:\Windows\System32\profapi.dll

VM Arguments:
jvm_args: -Djava.awt.headless=true -Xmx1024M -Dfile.encoding=windows-1252 -Duser.country=US -Duser.language=en -Duser.variant 
java_command: com.android.dx.command.Main --dex --force-jumbo --num-threads=4 --multi-dex --output F:\Documentos\GitHub\Tiaki\Android\Tikai\app\build\intermediates\transforms\dex\debug\folders\1000\10\com.android.support-support-core-utils-25.2.0_3ff7b898c1fac347b67bd1e426eeb255960a7612 F:\Documentos\GitHub\Tiaki\Android\Tikai\app\build\intermediates\exploded-aar\com.android.support\support-core-utils\25.2.0\jars\classes.jar
java_class_path (initial): C:\Android\sdk\build-tools\25.0.2\lib\dx.jar
Launcher Type: SUN_STANDARD

Environment Variables:
PATH=C:\Program Files (x86)\Python36-32\Scripts\;C:\Program Files (x86)\Python36-32\;C:\ProgramData\Oracle\Java\javapath;C:\Windows\system32;C:\Windows;C:\Windows\System32\Wbem;C:\Windows\System32\WindowsPowerShell\v1.0\;C:\Program Files (x86)\Brackets\command;C:\Program Files (x86)\Skype\Phone\;C:\Windows\system32\config\systemprofile\.dnx\bin;C:\Program Files\Microsoft DNX\Dnvm\;C:\Program Files\Microsoft SQL Server\120\Tools\Binn\;C:\Program Files\Microsoft SQL Server\130\Tools\Binn\;C:\Program Files (x86)\Windows Kits\10\Windows Performance Toolkit\;C:\Program Files (x86)\Microsoft SQL Server\130\DTS\Binn\;C:\Program Files\Microsoft SQL Server\130\DTS\Binn\;C:\Program Files\Microsoft SQL Server\Client SDK\ODBC\130\Tools\Binn\;C:\Program Files (x86)\Microsoft SQL Server\130\Tools\Binn\;C:\Program Files (x86)\Microsoft SQL Server\Client SDK\ODBC\130\Tools\Binn\;C:\Program Files (x86)\Microsoft SQL Server\130\Tools\Binn\ManagementStudio\;C:\Users\july1\AppData\Local\Microsoft\WindowsApps;C:\Users\july1\AppData\Local\atom\bin
USERNAME=Julian
OS=Windows_NT
PROCESSOR_IDENTIFIER=Intel64 Family 6 Model 37 Stepping 5, GenuineIntel



---------------  S Y S T E M  ---------------

OS: Windows 10.0 , 64 bit Build 14393 (10.0.14393.0)

CPU:total 4 (2 cores per cpu, 2 threads per core) family 6 model 37 stepping 5, cmov, cx8, fxsr, mmx, sse, sse2, sse3, ssse3, sse4.1, sse4.2, popcnt, ht, tsc, tscinvbit

Memory: 4k page, physical 6085300k(743200k free), swap 6085300k(4312k free)

vm_info: Java HotSpot(TM) 64-Bit Server VM (25.121-b13) for windows-amd64 JRE (1.8.0_121-b13), built on Dec 12 2016 18:21:36 by "java_re" with MS VC++ 10.0 (VS2010)

time: Thu Mar 09 21:11:40 2017
elapsed time: 4 seconds (0d 0h 0m 4s)

