#
# There is insufficient memory for the Java Runtime Environment to continue.
# Native memory allocation (malloc) failed to allocate 79056 bytes for Chunk::new
# Possible reasons:
#   The system is out of physical RAM or swap space
#   In 32 bit mode, the process size limit was hit
# Possible solutions:
#   Reduce memory load on the system
#   Increase physical memory or swap space
#   Check if swap backing store is full
#   Use 64 bit Java on a 64 bit OS
#   Decrease Java heap size (-Xmx/-Xms)
#   Decrease number of Java threads
#   Decrease Java thread stack sizes (-Xss)
#   Set larger code cache with -XX:ReservedCodeCacheSize=
# This output file may be truncated or incomplete.
#
#  Out of Memory Error (allocation.cpp:390), pid=1180, tid=0x000000000000114c
#
# JRE version: Java(TM) SE Runtime Environment (8.0_121-b13) (build 1.8.0_121-b13)
# Java VM: Java HotSpot(TM) 64-Bit Server VM (25.121-b13 mixed mode windows-amd64 compressed oops)
# Failed to write core dump. Minidumps are not enabled by default on client versions of Windows
#

---------------  T H R E A D  ---------------

Current thread (0x0000000015570000):  JavaThread "C2 CompilerThread1" daemon [_thread_in_native, id=4428, stack(0x0000000016cb0000,0x0000000016db0000)]

Stack: [0x0000000016cb0000,0x0000000016db0000]
[error occurred during error reporting (printing stack bounds), id 0xc0000005]

Native frames: (J=compiled Java code, j=interpreted, Vv=VM code, C=native code)


Current CompileTask:
C2:   4011 1304       4       com.android.dx.ssa.LiteralOpUpgrader$1::visitNonMoveInsn (203 bytes)


---------------  P R O C E S S  ---------------

Java Threads: ( => current thread )
  0x0000000017091800 JavaThread "pool-2-thread-4" [_thread_in_vm, id=1032, stack(0x00000000178b0000,0x00000000179b0000)]
  0x00000000170ec800 JavaThread "pool-2-thread-3" [_thread_blocked, id=3792, stack(0x00000000177b0000,0x00000000178b0000)]
  0x00000000170ec000 JavaThread "pool-2-thread-2" [_thread_in_vm, id=6840, stack(0x00000000176b0000,0x00000000177b0000)]
  0x0000000017071800 JavaThread "pool-3-thread-1" [_thread_blocked, id=7892, stack(0x00000000175b0000,0x00000000176b0000)]
  0x0000000017071000 JavaThread "pool-2-thread-1" [_thread_in_Java, id=3060, stack(0x00000000174b0000,0x00000000175b0000)]
  0x0000000016ebd800 JavaThread "Service Thread" daemon [_thread_blocked, id=4852, stack(0x00000000172b0000,0x00000000173b0000)]
  0x0000000015573800 JavaThread "C1 CompilerThread2" daemon [_thread_blocked, id=2448, stack(0x0000000016db0000,0x0000000016eb0000)]
=>0x0000000015570000 JavaThread "C2 CompilerThread1" daemon [_thread_in_native, id=4428, stack(0x0000000016cb0000,0x0000000016db0000)]
  0x000000001556d000 JavaThread "C2 CompilerThread0" daemon [_thread_in_native, id=4068, stack(0x0000000016bb0000,0x0000000016cb0000)]
  0x000000001556b000 JavaThread "Attach Listener" daemon [_thread_blocked, id=6860, stack(0x0000000016ab0000,0x0000000016bb0000)]
  0x000000001556a000 JavaThread "Signal Dispatcher" daemon [_thread_blocked, id=4528, stack(0x00000000169b0000,0x0000000016ab0000)]
  0x0000000002e0a000 JavaThread "Finalizer" daemon [_thread_blocked, id=5124, stack(0x00000000167c0000,0x00000000168c0000)]
  0x0000000002e01000 JavaThread "Reference Handler" daemon [_thread_blocked, id=2124, stack(0x00000000166c0000,0x00000000167c0000)]
  0x0000000002e9d800 JavaThread "main" [_thread_blocked, id=2544, stack(0x0000000002bd0000,0x0000000002cd0000)]

Other Threads:
  0x0000000015537800 VMThread [stack: 0x00000000165c0000,0x00000000166c0000] [id=1228]
  0x0000000016ed0800 WatcherThread [stack: 0x00000000173b0000,0x00000000174b0000] [id=3984]

VM state:synchronizing (normal execution)

VM Mutex/Monitor currently owned by a thread:  ([mutex/lock_event])
[0x0000000002e9c190] Safepoint_lock - owner thread: 0x0000000015537800
[0x0000000002e9cd10] Threads_lock - owner thread: 0x0000000015537800

Heap:
 PSYoungGen      total 28160K, used 16913K [0x00000000eab00000, 0x00000000ee200000, 0x0000000100000000)
  eden space 24576K, 54% used [0x00000000eab00000,0x00000000eb806a60,0x00000000ec300000)
  from space 3584K, 99% used [0x00000000ec300000,0x00000000ec67dc70,0x00000000ec680000)
  to   space 3584K, 0% used [0x00000000ede80000,0x00000000ede80000,0x00000000ee200000)
 ParOldGen       total 64512K, used 1973K [0x00000000c0000000, 0x00000000c3f00000, 0x00000000eab00000)
  object space 64512K, 3% used [0x00000000c0000000,0x00000000c01ed690,0x00000000c3f00000)
 Metaspace       used 6084K, capacity 7032K, committed 7296K, reserved 1056768K
  class space    used 607K, capacity 624K, committed 640K, reserved 1048576K

Card table byte_map: [0x0000000012260000,0x0000000012470000] byte_map_base: 0x0000000011c60000

Marking Bits: (ParMarkBitMap*) 0x000000005d81b6d0
 Begin Bits: [0x00000000129d0000, 0x00000000139d0000)
 End Bits:   [0x00000000139d0000, 0x00000000149d0000)

Polling page: 0x0000000002cd0000

CodeCache: size=245760Kb used=5579Kb max_used=5579Kb free=240180Kb
 bounds [0x0000000002ea0000, 0x0000000003420000, 0x0000000011ea0000]
 total_blobs=1597 nmethods=1335 adapters=176
 compilation: enabled

Compilation events (10 events):
Event: 3.962 Thread 0x0000000015573800 1341   !   3       com.android.dx.cf.attrib.AttCode::<init> (144 bytes)
Event: 3.963 Thread 0x0000000015573800 nmethod 1341 0x00000000034154d0 code [0x0000000003415700, 0x00000000034161c8]
Event: 3.963 Thread 0x0000000015573800 1343       3       com.android.dx.cf.iface.StdMethodList::get (9 bytes)
Event: 3.964 Thread 0x0000000015573800 nmethod 1343 0x0000000003416810 code [0x0000000003416980, 0x0000000003416c88]
Event: 3.964 Thread 0x0000000015573800 1344       3       com.android.dx.rop.code.AccessFlags::isPrivate (12 bytes)
Event: 3.964 Thread 0x0000000015573800 nmethod 1344 0x0000000003416d50 code [0x0000000003416ea0, 0x0000000003417030]
Event: 3.967 Thread 0x0000000015573800 1345       3       java.util.concurrent.ThreadPoolExecutor::isRunning (10 bytes)
Event: 3.967 Thread 0x0000000015573800 nmethod 1345 0x00000000034170d0 code [0x0000000003417220, 0x00000000034173b0]
Event: 3.967 Thread 0x0000000015573800 1346       3       com.android.dx.util.ByteArray::<init> (9 bytes)
Event: 3.968 Thread 0x0000000015573800 nmethod 1346 0x0000000003417410 code [0x0000000003417580, 0x0000000003417708]

GC Heap History (2 events):
Event: 2.905 GC heap before
{Heap before GC invocations=1 (full 0):
 PSYoungGen      total 28160K, used 24576K [0x00000000eab00000, 0x00000000eca00000, 0x0000000100000000)
  eden space 24576K, 100% used [0x00000000eab00000,0x00000000ec300000,0x00000000ec300000)
  from space 3584K, 0% used [0x00000000ec680000,0x00000000ec680000,0x00000000eca00000)
  to   space 3584K, 0% used [0x00000000ec300000,0x00000000ec300000,0x00000000ec680000)
 ParOldGen       total 64512K, used 0K [0x00000000c0000000, 0x00000000c3f00000, 0x00000000eab00000)
  object space 64512K, 0% used [0x00000000c0000000,0x00000000c0000000,0x00000000c3f00000)
 Metaspace       used 5976K, capacity 6904K, committed 7040K, reserved 1056768K
  class space    used 606K, capacity 624K, committed 640K, reserved 1048576K
Event: 2.968 GC heap after
Heap after GC invocations=1 (full 0):
 PSYoungGen      total 28160K, used 3575K [0x00000000eab00000, 0x00000000ee200000, 0x0000000100000000)
  eden space 24576K, 0% used [0x00000000eab00000,0x00000000eab00000,0x00000000ec300000)
  from space 3584K, 99% used [0x00000000ec300000,0x00000000ec67dc70,0x00000000ec680000)
  to   space 3584K, 0% used [0x00000000ede80000,0x00000000ede80000,0x00000000ee200000)
 ParOldGen       total 64512K, used 1973K [0x00000000c0000000, 0x00000000c3f00000, 0x00000000eab00000)
  object space 64512K, 3% used [0x00000000c0000000,0x00000000c01ed690,0x00000000c3f00000)
 Metaspace       used 5976K, capacity 6904K, committed 7040K, reserved 1056768K
  class space    used 606K, capacity 624K, committed 640K, reserved 1048576K
}

Deoptimization events (10 events):
Event: 1.392 Thread 0x00000000170ec800 Uncommon trap: reason=unstable_if action=reinterpret pc=0x00000000030a853c method=java.util.HashMap.getNode(ILjava/lang/Object;)Ljava/util/HashMap$Node; @ 62
Event: 1.795 Thread 0x0000000002e9d800 Uncommon trap: reason=unstable_if action=reinterpret pc=0x00000000031046b4 method=java.util.BitSet.ensureCapacity(I)V @ 6
Event: 1.795 Thread 0x0000000002e9d800 Uncommon trap: reason=unstable_if action=reinterpret pc=0x00000000030f2f30 method=java.util.BitSet.nextSetBit(I)I @ 87
Event: 1.934 Thread 0x0000000017091800 Uncommon trap: reason=unstable_if action=reinterpret pc=0x00000000032301dc method=com.android.dx.rop.cst.Constant.compareTo(Lcom/android/dx/rop/cst/Constant;)I @ 12
Event: 1.934 Thread 0x0000000017091800 Uncommon trap: reason=bimorphic action=maybe_recompile pc=0x000000000310ea64 method=java.util.HashMap.getNode(ILjava/lang/Object;)Ljava/util/HashMap$Node; @ 126
Event: 1.935 Thread 0x0000000017091800 Uncommon trap: reason=bimorphic action=maybe_recompile pc=0x000000000310ea64 method=java.util.HashMap.getNode(ILjava/lang/Object;)Ljava/util/HashMap$Node; @ 126
Event: 2.589 Thread 0x00000000170ec800 Uncommon trap: reason=unstable_if action=reinterpret pc=0x0000000003283790 method=com.android.dx.ssa.SsaRenamer$BlockRenamer.addMapping(ILcom/android/dx/rop/code/RegisterSpec;)V @ 120
Event: 2.615 Thread 0x00000000170ec800 Uncommon trap: reason=unstable_if action=reinterpret pc=0x000000000310ea28 method=java.util.HashMap.getNode(ILjava/lang/Object;)Ljava/util/HashMap$Node; @ 62
Event: 2.879 Thread 0x0000000017071000 Uncommon trap: reason=unstable_if action=reinterpret pc=0x000000000322fb6c method=com.android.dx.rop.code.RegisterSpecSet.put(Lcom/android/dx/rop/code/RegisterSpec;)V @ 77
Event: 2.879 Thread 0x0000000017071000 Uncommon trap: reason=unstable_if action=reinterpret pc=0x0000000003280c28 method=com.android.dx.rop.code.RegisterSpecSet.put(Lcom/android/dx/rop/code/RegisterSpec;)V @ 77

Internal exceptions (2 events):
Event: 0.113 Thread 0x0000000002e9d800 Exception <a 'java/lang/NoSuchMethodError': Method sun.misc.Unsafe.defineClass(Ljava/lang/String;[BII)Ljava/lang/Class; name or signature does not match> (0x00000000eab07ca8) thrown at [C:\re\workspace\8-2-build-windows-amd64-cygwin\jdk8u121\8372\hotspot\
Event: 0.113 Thread 0x0000000002e9d800 Exception <a 'java/lang/NoSuchMethodError': Method sun.misc.Unsafe.prefetchRead(Ljava/lang/Object;J)V name or signature does not match> (0x00000000eab07f90) thrown at [C:\re\workspace\8-2-build-windows-amd64-cygwin\jdk8u121\8372\hotspot\src\share\vm\prims

Events (10 events):
Event: 2.879 Thread 0x0000000017071000 DEOPT UNPACKING pc=0x0000000002ee582a sp=0x00000000175aeaa8 mode 2
Event: 2.879 Thread 0x0000000017071000 Uncommon trap: trap_request=0xffffff65 fr.pc=0x0000000003280c28
Event: 2.879 Thread 0x0000000017071000 DEOPT PACKING pc=0x0000000003280c28 sp=0x00000000175aeb10
Event: 2.879 Thread 0x0000000017071000 DEOPT UNPACKING pc=0x0000000002ee582a sp=0x00000000175aea30 mode 2
Event: 2.905 Executing VM operation: ParallelGCFailedAllocation
Event: 2.968 Executing VM operation: ParallelGCFailedAllocation done
Event: 3.141 loading class com/android/dx/cf/attrib/AttExceptions
Event: 3.141 loading class com/android/dx/cf/attrib/AttExceptions done
Event: 3.964 loading class com/android/dx/cf/code/SwitchList
Event: 3.964 loading class com/android/dx/cf/code/SwitchList done


Dynamic libraries:
0x00007ff6af640000 - 0x00007ff6af677000 	C:\Program Files\Java\jdk1.8.0_121\bin\java.exe
0x00007ff8e1a40000 - 0x00007ff8e1c11000 	C:\Windows\SYSTEM32\ntdll.dll
0x00007ff8e0a90000 - 0x00007ff8e0b3b000 	C:\Windows\System32\KERNEL32.DLL
0x00007ff8dec20000 - 0x00007ff8dee3d000 	C:\Windows\System32\KERNELBASE.dll
0x00007ff8e0f10000 - 0x00007ff8e0fb2000 	C:\Windows\System32\ADVAPI32.dll
0x00007ff8e0670000 - 0x00007ff8e070e000 	C:\Windows\System32\msvcrt.dll
0x00007ff8e0d10000 - 0x00007ff8e0d69000 	C:\Windows\System32\sechost.dll
0x00007ff8e07d0000 - 0x00007ff8e08f1000 	C:\Windows\System32\RPCRT4.dll
0x00007ff8e0920000 - 0x00007ff8e0a85000 	C:\Windows\System32\USER32.dll
0x00007ff8de710000 - 0x00007ff8de72e000 	C:\Windows\System32\win32u.dll
0x00007ff8e18a0000 - 0x00007ff8e18d4000 	C:\Windows\System32\GDI32.dll
0x00007ff8dee40000 - 0x00007ff8defc2000 	C:\Windows\System32\gdi32full.dll
0x00007ff8cd3c0000 - 0x00007ff8cd639000 	C:\Windows\WinSxS\amd64_microsoft.windows.common-controls_6595b64144ccf1df_6.0.14393.447_none_42191651c6827bb3\COMCTL32.dll
0x00007ff8e15d0000 - 0x00007ff8e1898000 	C:\Windows\System32\combase.dll
0x00007ff8ddf30000 - 0x00007ff8de025000 	C:\Windows\System32\ucrtbase.dll
0x00007ff8de730000 - 0x00007ff8de79a000 	C:\Windows\System32\bcryptPrimitives.dll
0x00007ff8e0730000 - 0x00007ff8e075e000 	C:\Windows\System32\IMM32.DLL
0x000000005c900000 - 0x000000005c9d2000 	C:\Program Files\Java\jdk1.8.0_121\jre\bin\msvcr100.dll
0x000000005d000000 - 0x000000005d89b000 	C:\Program Files\Java\jdk1.8.0_121\jre\bin\server\jvm.dll
0x00007ff8e0910000 - 0x00007ff8e0918000 	C:\Windows\System32\PSAPI.DLL
0x00007ff8dc3f0000 - 0x00007ff8dc3f9000 	C:\Windows\SYSTEM32\WSOCK32.dll
0x00007ff8e0760000 - 0x00007ff8e07ca000 	C:\Windows\System32\WS2_32.dll
0x00007ff8dc360000 - 0x00007ff8dc383000 	C:\Windows\SYSTEM32\WINMM.dll
0x00007ff8d9d60000 - 0x00007ff8d9d6a000 	C:\Windows\SYSTEM32\VERSION.dll
0x00007ff8dc300000 - 0x00007ff8dc32b000 	C:\Windows\SYSTEM32\WINMMBASE.dll
0x00007ff8deac0000 - 0x00007ff8deb02000 	C:\Windows\System32\cfgmgr32.dll
0x000000005cf10000 - 0x000000005cf1f000 	C:\Program Files\Java\jdk1.8.0_121\jre\bin\verify.dll
0x000000005cee0000 - 0x000000005cf09000 	C:\Program Files\Java\jdk1.8.0_121\jre\bin\java.dll
0x000000005cec0000 - 0x000000005ced6000 	C:\Program Files\Java\jdk1.8.0_121\jre\bin\zip.dll
0x00007ff8defd0000 - 0x00007ff8e04d9000 	C:\Windows\System32\SHELL32.dll
0x00007ff8de030000 - 0x00007ff8de70a000 	C:\Windows\System32\windows.storage.dll
0x00007ff8ddec0000 - 0x00007ff8ddf0c000 	C:\Windows\System32\powrprof.dll
0x00007ff8e0600000 - 0x00007ff8e0652000 	C:\Windows\System32\shlwapi.dll
0x00007ff8ddeb0000 - 0x00007ff8ddebf000 	C:\Windows\System32\kernel.appcore.dll
0x00007ff8deb10000 - 0x00007ff8debb9000 	C:\Windows\System32\shcore.dll
0x00007ff8ddf10000 - 0x00007ff8ddf24000 	C:\Windows\System32\profapi.dll

VM Arguments:
jvm_args: -Djava.awt.headless=true -Xmx1024M -Dfile.encoding=windows-1252 -Duser.country=US -Duser.language=en -Duser.variant 
java_command: com.android.dx.command.Main --dex --force-jumbo --num-threads=4 --multi-dex --output F:\Documentos\GitHub\Tiaki\Android\Tikai\app\build\intermediates\transforms\dex\debug\folders\1000\10\com.android.support-transition-25.2.0_8437de71026c3add5c61132d1586aaccb5bc75e1 F:\Documentos\GitHub\Tiaki\Android\Tikai\app\build\intermediates\exploded-aar\com.android.support\transition\25.2.0\jars\classes.jar
java_class_path (initial): C:\Android\sdk\build-tools\25.0.2\lib\dx.jar
Launcher Type: SUN_STANDARD

Environment Variables:
PATH=C:\Program Files (x86)\Python36-32\Scripts\;C:\Program Files (x86)\Python36-32\;C:\ProgramData\Oracle\Java\javapath;C:\Windows\system32;C:\Windows;C:\Windows\System32\Wbem;C:\Windows\System32\WindowsPowerShell\v1.0\;C:\Program Files (x86)\Brackets\command;C:\Program Files (x86)\Skype\Phone\;C:\Windows\system32\config\systemprofile\.dnx\bin;C:\Program Files\Microsoft DNX\Dnvm\;C:\Program Files\Microsoft SQL Server\120\Tools\Binn\;C:\Program Files\Microsoft SQL Server\130\Tools\Binn\;C:\Program Files (x86)\Windows Kits\10\Windows Performance Toolkit\;C:\Program Files (x86)\Microsoft SQL Server\130\DTS\Binn\;C:\Program Files\Microsoft SQL Server\130\DTS\Binn\;C:\Program Files\Microsoft SQL Server\Client SDK\ODBC\130\Tools\Binn\;C:\Program Files (x86)\Microsoft SQL Server\130\Tools\Binn\;C:\Program Files (x86)\Microsoft SQL Server\Client SDK\ODBC\130\Tools\Binn\;C:\Program Files (x86)\Microsoft SQL Server\130\Tools\Binn\ManagementStudio\;C:\Users\july1\AppData\Local\Microsoft\WindowsApps;C:\Users\july1\AppData\Local\atom\bin
USERNAME=Julian
OS=Windows_NT
PROCESSOR_IDENTIFIER=Intel64 Family 6 Model 37 Stepping 5, GenuineIntel



---------------  S Y S T E M  ---------------

OS: Windows 10.0 , 64 bit Build 14393 (10.0.14393.0)

CPU:total 4 (2 cores per cpu, 2 threads per core) family 6 model 37 stepping 5, cmov, cx8, fxsr, mmx, sse, sse2, sse3, ssse3, sse4.1, sse4.2, popcnt, ht, tsc, tscinvbit

Memory: 4k page, physical 6085300k(752972k free), swap 6085300k(5348k free)

vm_info: Java HotSpot(TM) 64-Bit Server VM (25.121-b13) for windows-amd64 JRE (1.8.0_121-b13), built on Dec 12 2016 18:21:36 by "java_re" with MS VC++ 10.0 (VS2010)

time: Thu Mar 09 21:11:40 2017
elapsed time: 4 seconds (0d 0h 0m 4s)

